[debug] [2022-11-10T14:06:17.982Z] ----------------------------------------------------------------------
[debug] [2022-11-10T14:06:17.989Z] Command:       C:\Program Files\nodejs\node.exe C:\Users\ASUS\AppData\Roaming\npm\node_modules\firebase-tools\lib\bin\firebase.js deploy
[debug] [2022-11-10T14:06:17.991Z] CLI Version:   11.15.0
[debug] [2022-11-10T14:06:17.991Z] Platform:      win32
[debug] [2022-11-10T14:06:17.991Z] Node Version:  v16.17.0
[debug] [2022-11-10T14:06:18.076Z] Time:          Thu Nov 10 2022 20:06:17 GMT+0600 (Bangladesh Standard Time)
[debug] [2022-11-10T14:06:18.077Z] ----------------------------------------------------------------------
[debug] 
[debug] [2022-11-10T14:06:18.340Z] > command requires scopes: ["email","openid","https://www.googleapis.com/auth/cloudplatformprojects.readonly","https://www.googleapis.com/auth/firebase","https://www.googleapis.com/auth/cloud-platform"]
[debug] [2022-11-10T14:06:18.341Z] > authorizing via signed-in user (sheikholeei97@gmail.com)
[debug] [2022-11-10T14:06:18.341Z] [iam] checking project dencure-smilefresh for permissions ["firebase.projects.get","firebasehosting.sites.update"]
[debug] [2022-11-10T14:06:18.344Z] > refreshing access token with scopes: []
[debug] [2022-11-10T14:06:18.349Z] >>> [apiv2][query] POST https://www.googleapis.com/oauth2/v3/token [none]
[debug] [2022-11-10T14:06:18.349Z] >>> [apiv2][body] POST https://www.googleapis.com/oauth2/v3/token [omitted]
[debug] [2022-11-10T14:06:19.015Z] <<< [apiv2][status] POST https://www.googleapis.com/oauth2/v3/token 200
[debug] [2022-11-10T14:06:19.016Z] <<< [apiv2][body] POST https://www.googleapis.com/oauth2/v3/token [omitted]
[debug] [2022-11-10T14:06:19.112Z] >>> [apiv2][query] POST https://cloudresourcemanager.googleapis.com/v1/projects/dencure-smilefresh:testIamPermissions [none]
[debug] [2022-11-10T14:06:19.113Z] >>> [apiv2][(partial)header] POST https://cloudresourcemanager.googleapis.com/v1/projects/dencure-smilefresh:testIamPermissions x-goog-quota-user=projects/dencure-smilefresh
[debug] [2022-11-10T14:06:19.114Z] >>> [apiv2][body] POST https://cloudresourcemanager.googleapis.com/v1/projects/dencure-smilefresh:testIamPermissions {"permissions":["firebase.projects.get","firebasehosting.sites.update"]}
[debug] [2022-11-10T14:06:20.967Z] <<< [apiv2][status] POST https://cloudresourcemanager.googleapis.com/v1/projects/dencure-smilefresh:testIamPermissions 200
[debug] [2022-11-10T14:06:20.968Z] <<< [apiv2][body] POST https://cloudresourcemanager.googleapis.com/v1/projects/dencure-smilefresh:testIamPermissions {"permissions":["firebase.projects.get","firebasehosting.sites.update"]}
[debug] [2022-11-10T14:06:20.970Z] >>> [apiv2][query] GET https://firebase.googleapis.com/v1beta1/projects/dencure-smilefresh [none]
[debug] [2022-11-10T14:06:21.581Z] <<< [apiv2][status] GET https://firebase.googleapis.com/v1beta1/projects/dencure-smilefresh 200
[debug] [2022-11-10T14:06:21.581Z] <<< [apiv2][body] GET https://firebase.googleapis.com/v1beta1/projects/dencure-smilefresh {"projectId":"dencure-smilefresh","projectNumber":"153148387914","displayName":"dencure-smilefresh","name":"projects/dencure-smilefresh","resources":{"hostingSite":"dencure-smilefresh"},"state":"ACTIVE","etag":"1_57708039-0495-4377-a38b-dafb915c7430"}
[info] 
[info] === Deploying to 'dencure-smilefresh'...
[info] 
[info] i  deploying hosting 
[debug] [2022-11-10T14:06:21.617Z] >>> [apiv2][query] POST https://firebasehosting.googleapis.com/v1beta1/projects/-/sites/dencure-smilefresh/versions [none]
[debug] [2022-11-10T14:06:21.617Z] >>> [apiv2][body] POST https://firebasehosting.googleapis.com/v1beta1/projects/-/sites/dencure-smilefresh/versions {"status":"CREATED","labels":{"deployment-tool":"cli-firebase"}}
[debug] [2022-11-10T14:06:23.118Z] <<< [apiv2][status] POST https://firebasehosting.googleapis.com/v1beta1/projects/-/sites/dencure-smilefresh/versions 200
[debug] [2022-11-10T14:06:23.119Z] <<< [apiv2][body] POST https://firebasehosting.googleapis.com/v1beta1/projects/-/sites/dencure-smilefresh/versions {"name":"projects/153148387914/sites/dencure-smilefresh/versions/ad1ef1ddccf38a94","status":"CREATED","config":{},"labels":{"deployment-tool":"cli-firebase"}}
[info] i  hosting[dencure-smilefresh]: beginning deploy... 
[info] i  hosting[dencure-smilefresh]: found 15 files in build 
[debug] [2022-11-10T14:06:23.153Z] [hosting] uploading with 200 concurrency
[debug] [2022-11-10T14:06:24.572Z] [hosting] hash cache [YnVpbGQ] stored for 15 files
[debug] [2022-11-10T14:06:24.572Z] [hosting][hash queue][FINAL] {"max":1378,"min":15,"avg":449.06666666666666,"active":0,"complete":15,"success":15,"errored":0,"retried":0,"total":15,"elapsed":1389}
[debug] [2022-11-10T14:06:24.574Z] >>> [apiv2][query] POST https://firebasehosting.googleapis.com/v1beta1/projects/153148387914/sites/dencure-smilefresh/versions/ad1ef1ddccf38a94:populateFiles [none]
[debug] [2022-11-10T14:06:24.574Z] >>> [apiv2][body] POST https://firebasehosting.googleapis.com/v1beta1/projects/153148387914/sites/dencure-smilefresh/versions/ad1ef1ddccf38a94:populateFiles {"files":{"/favicon.ico":"c08f2edbb1ceaaa11dcecb292a3ea2bba51509b8d0d94415c8e1a2dee4e9fc95","/asset-manifest.json":"692de58b4430f63a1fa15225bbaca97c9ae69b5d770e703f978c0e1f22033f25","/index.html":"707bf75b512246502b8d7fc2c97a5da5b981127a23091871616235031cd094d4","/static/js/main.507fe187.js.LICENSE.txt":"f3d94de3dd868a790f5618fd9dc106f2ab2e45151a76a6b2090f0a9c6820c134","/static/css/main.fd4f0e99.css.map":"b2ba9d4a09534018f161adb872c7a5ef9d32416bc55d2bcbc8a556d220d5476f","/static/css/main.fd4f0e99.css":"d1ade51cd53922075f5ec6370cea329b4796411ac64f0306e7b35d95f60ef0db","/static/media/update.8cfeb51773fdc2cac004.png":"0d63a74a8586eb90c8e6be26bc3795de2dc6230cf9747ba01a72986c89b3abf5","/static/media/register.8de19df223af40d961d6.png":"4416f1ea135e888dba49106e070cdfd372df1e8c55a82914d904becdff95477e","/static/media/review.8b0c09fea095ec845c30.png":"eb63bdb15e329b04e652019e49f0c2b741dc7d9348f0959785418eb596288142","/static/media/service.4c92577542db1542318e.png":"ebae95d61824bcb6e75809dafbcd3b6f8203cb0dbfab2296e62aa62a3708f1a7","/static/js/main.507fe187.js":"90f2e3d21ec470ef78b93285d243a513dd066dc2cf352169023242abdbc310c8","/static/media/1.d8ccca348c9127088a15.jpg":"c7d9955121b1157ddab7fcd3d6a51893789811e549892fe126d3e087403e37e2","/static/media/2.0ebf0f9f1844c8939bec.jpg":"a7d48d4809428eb6655edfab9f4b135106ce90c7d10bb6d83856ca72fd3cc7f5","/static/media/3.97fb749b53342d067468.jpg":"7dd4f59b587908bfcbebb833c5f028121c7bf34eac7591b58be8dc8f3b3796f8","/static/js/main.507fe187.js.map":"4ccb7074a2c542f3376b260394f0d9d0777c23ea506ebec2e64e80755ffa23bb"}}
[debug] [2022-11-10T14:06:25.807Z] <<< [apiv2][status] POST https://firebasehosting.googleapis.com/v1beta1/projects/153148387914/sites/dencure-smilefresh/versions/ad1ef1ddccf38a94:populateFiles 200
[debug] [2022-11-10T14:06:25.807Z] <<< [apiv2][body] POST https://firebasehosting.googleapis.com/v1beta1/projects/153148387914/sites/dencure-smilefresh/versions/ad1ef1ddccf38a94:populateFiles {"uploadRequiredHashes":["692de58b4430f63a1fa15225bbaca97c9ae69b5d770e703f978c0e1f22033f25","90f2e3d21ec470ef78b93285d243a513dd066dc2cf352169023242abdbc310c8","d1ade51cd53922075f5ec6370cea329b4796411ac64f0306e7b35d95f60ef0db","b2ba9d4a09534018f161adb872c7a5ef9d32416bc55d2bcbc8a556d220d5476f","4ccb7074a2c542f3376b260394f0d9d0777c23ea506ebec2e64e80755ffa23bb","707bf75b512246502b8d7fc2c97a5da5b981127a23091871616235031cd094d4"],"uploadUrl":"https://upload-firebasehosting.googleapis.com/upload/sites/dencure-smilefresh/versions/ad1ef1ddccf38a94/files"}
[debug] [2022-11-10T14:06:25.811Z] >>> [apiv2][query] POST https://upload-firebasehosting.googleapis.com/upload/sites/dencure-smilefresh/versions/ad1ef1ddccf38a94/files/692de58b4430f63a1fa15225bbaca97c9ae69b5d770e703f978c0e1f22033f25 [none]
[debug] [2022-11-10T14:06:25.812Z] >>> [apiv2][body] POST https://upload-firebasehosting.googleapis.com/upload/sites/dencure-smilefresh/versions/ad1ef1ddccf38a94/files/692de58b4430f63a1fa15225bbaca97c9ae69b5d770e703f978c0e1f22033f25 [stream]
[debug] [2022-11-10T14:06:25.815Z] >>> [apiv2][query] POST https://upload-firebasehosting.googleapis.com/upload/sites/dencure-smilefresh/versions/ad1ef1ddccf38a94/files/90f2e3d21ec470ef78b93285d243a513dd066dc2cf352169023242abdbc310c8 [none]
[debug] [2022-11-10T14:06:25.815Z] >>> [apiv2][body] POST https://upload-firebasehosting.googleapis.com/upload/sites/dencure-smilefresh/versions/ad1ef1ddccf38a94/files/90f2e3d21ec470ef78b93285d243a513dd066dc2cf352169023242abdbc310c8 [stream]
[debug] [2022-11-10T14:06:25.817Z] >>> [apiv2][query] POST https://upload-firebasehosting.googleapis.com/upload/sites/dencure-smilefresh/versions/ad1ef1ddccf38a94/files/d1ade51cd53922075f5ec6370cea329b4796411ac64f0306e7b35d95f60ef0db [none]
[debug] [2022-11-10T14:06:25.817Z] >>> [apiv2][body] POST https://upload-firebasehosting.googleapis.com/upload/sites/dencure-smilefresh/versions/ad1ef1ddccf38a94/files/d1ade51cd53922075f5ec6370cea329b4796411ac64f0306e7b35d95f60ef0db [stream]
[debug] [2022-11-10T14:06:25.818Z] >>> [apiv2][query] POST https://upload-firebasehosting.googleapis.com/upload/sites/dencure-smilefresh/versions/ad1ef1ddccf38a94/files/b2ba9d4a09534018f161adb872c7a5ef9d32416bc55d2bcbc8a556d220d5476f [none]
[debug] [2022-11-10T14:06:25.819Z] >>> [apiv2][body] POST https://upload-firebasehosting.googleapis.com/upload/sites/dencure-smilefresh/versions/ad1ef1ddccf38a94/files/b2ba9d4a09534018f161adb872c7a5ef9d32416bc55d2bcbc8a556d220d5476f [stream]
[debug] [2022-11-10T14:06:25.820Z] >>> [apiv2][query] POST https://upload-firebasehosting.googleapis.com/upload/sites/dencure-smilefresh/versions/ad1ef1ddccf38a94/files/4ccb7074a2c542f3376b260394f0d9d0777c23ea506ebec2e64e80755ffa23bb [none]
[debug] [2022-11-10T14:06:25.820Z] >>> [apiv2][body] POST https://upload-firebasehosting.googleapis.com/upload/sites/dencure-smilefresh/versions/ad1ef1ddccf38a94/files/4ccb7074a2c542f3376b260394f0d9d0777c23ea506ebec2e64e80755ffa23bb [stream]
[debug] [2022-11-10T14:06:25.822Z] >>> [apiv2][query] POST https://upload-firebasehosting.googleapis.com/upload/sites/dencure-smilefresh/versions/ad1ef1ddccf38a94/files/707bf75b512246502b8d7fc2c97a5da5b981127a23091871616235031cd094d4 [none]
[debug] [2022-11-10T14:06:25.822Z] >>> [apiv2][body] POST https://upload-firebasehosting.googleapis.com/upload/sites/dencure-smilefresh/versions/ad1ef1ddccf38a94/files/707bf75b512246502b8d7fc2c97a5da5b981127a23091871616235031cd094d4 [stream]
[debug] [2022-11-10T14:06:25.824Z] [hosting][populate queue][FINAL] {"max":1242,"min":1242,"avg":1242,"active":0,"complete":1,"success":1,"errored":0,"retried":0,"total":1,"elapsed":1255}
[debug] [2022-11-10T14:06:25.825Z] [hosting] uploads queued: 6
[debug] [2022-11-10T14:06:27.502Z] <<< [apiv2][status] POST https://upload-firebasehosting.googleapis.com/upload/sites/dencure-smilefresh/versions/ad1ef1ddccf38a94/files/d1ade51cd53922075f5ec6370cea329b4796411ac64f0306e7b35d95f60ef0db 200
[debug] [2022-11-10T14:06:27.502Z] <<< [apiv2][body] POST https://upload-firebasehosting.googleapis.com/upload/sites/dencure-smilefresh/versions/ad1ef1ddccf38a94/files/d1ade51cd53922075f5ec6370cea329b4796411ac64f0306e7b35d95f60ef0db [stream]
[debug] [2022-11-10T14:06:27.573Z] <<< [apiv2][status] POST https://upload-firebasehosting.googleapis.com/upload/sites/dencure-smilefresh/versions/ad1ef1ddccf38a94/files/b2ba9d4a09534018f161adb872c7a5ef9d32416bc55d2bcbc8a556d220d5476f 200
[debug] [2022-11-10T14:06:27.573Z] <<< [apiv2][body] POST https://upload-firebasehosting.googleapis.com/upload/sites/dencure-smilefresh/versions/ad1ef1ddccf38a94/files/b2ba9d4a09534018f161adb872c7a5ef9d32416bc55d2bcbc8a556d220d5476f [stream]
[debug] [2022-11-10T14:06:28.173Z] <<< [apiv2][status] POST https://upload-firebasehosting.googleapis.com/upload/sites/dencure-smilefresh/versions/ad1ef1ddccf38a94/files/707bf75b512246502b8d7fc2c97a5da5b981127a23091871616235031cd094d4 200
[debug] [2022-11-10T14:06:28.173Z] <<< [apiv2][body] POST https://upload-firebasehosting.googleapis.com/upload/sites/dencure-smilefresh/versions/ad1ef1ddccf38a94/files/707bf75b512246502b8d7fc2c97a5da5b981127a23091871616235031cd094d4 [stream]
[debug] [2022-11-10T14:06:28.277Z] <<< [apiv2][status] POST https://upload-firebasehosting.googleapis.com/upload/sites/dencure-smilefresh/versions/ad1ef1ddccf38a94/files/692de58b4430f63a1fa15225bbaca97c9ae69b5d770e703f978c0e1f22033f25 200
[debug] [2022-11-10T14:06:28.277Z] <<< [apiv2][body] POST https://upload-firebasehosting.googleapis.com/upload/sites/dencure-smilefresh/versions/ad1ef1ddccf38a94/files/692de58b4430f63a1fa15225bbaca97c9ae69b5d770e703f978c0e1f22033f25 [stream]
[debug] [2022-11-10T14:06:28.318Z] <<< [apiv2][status] POST https://upload-firebasehosting.googleapis.com/upload/sites/dencure-smilefresh/versions/ad1ef1ddccf38a94/files/90f2e3d21ec470ef78b93285d243a513dd066dc2cf352169023242abdbc310c8 200
[debug] [2022-11-10T14:06:28.319Z] <<< [apiv2][body] POST https://upload-firebasehosting.googleapis.com/upload/sites/dencure-smilefresh/versions/ad1ef1ddccf38a94/files/90f2e3d21ec470ef78b93285d243a513dd066dc2cf352169023242abdbc310c8 [stream]
[debug] [2022-11-10T14:06:31.155Z] <<< [apiv2][status] POST https://upload-firebasehosting.googleapis.com/upload/sites/dencure-smilefresh/versions/ad1ef1ddccf38a94/files/4ccb7074a2c542f3376b260394f0d9d0777c23ea506ebec2e64e80755ffa23bb 200
[debug] [2022-11-10T14:06:31.156Z] <<< [apiv2][body] POST https://upload-firebasehosting.googleapis.com/upload/sites/dencure-smilefresh/versions/ad1ef1ddccf38a94/files/4ccb7074a2c542f3376b260394f0d9d0777c23ea506ebec2e64e80755ffa23bb [stream]
[debug] [2022-11-10T14:06:31.156Z] [hosting][upload queue][FINAL] {"max":5346,"min":1692,"avg":2690.5,"active":0,"complete":6,"success":6,"errored":0,"retried":0,"total":6,"elapsed":5348}
[info] +  hosting[dencure-smilefresh]: file upload complete 
[debug] [2022-11-10T14:06:31.159Z] [hosting] deploy completed after 8035ms
[debug] [2022-11-10T14:06:31.165Z] [
  {
    "config": {
      "public": "build",
      "ignore": [
        "firebase.json",
        "**/.*",
        "**/node_modules/**"
      ],
      "rewrites": [
        {
          "source": "**",
          "destination": "/index.html"
        }
      ],
      "site": "dencure-smilefresh"
    },
    "version": "projects/153148387914/sites/dencure-smilefresh/versions/ad1ef1ddccf38a94"
  }
]
[info] i  hosting[dencure-smilefresh]: finalizing version... 
[debug] [2022-11-10T14:06:31.171Z] >>> [apiv2][query] PATCH https://firebasehosting.googleapis.com/v1beta1/projects/-/sites/dencure-smilefresh/versions/ad1ef1ddccf38a94 updateMask=status%2Cconfig
[debug] [2022-11-10T14:06:31.171Z] >>> [apiv2][body] PATCH https://firebasehosting.googleapis.com/v1beta1/projects/-/sites/dencure-smilefresh/versions/ad1ef1ddccf38a94 {"status":"FINALIZED","config":{"rewrites":[{"glob":"**","path":"/index.html"}]}}
[debug] [2022-11-10T14:06:32.378Z] <<< [apiv2][status] PATCH https://firebasehosting.googleapis.com/v1beta1/projects/-/sites/dencure-smilefresh/versions/ad1ef1ddccf38a94 200
[debug] [2022-11-10T14:06:32.379Z] <<< [apiv2][body] PATCH https://firebasehosting.googleapis.com/v1beta1/projects/-/sites/dencure-smilefresh/versions/ad1ef1ddccf38a94 {"name":"projects/153148387914/sites/dencure-smilefresh/versions/ad1ef1ddccf38a94","status":"FINALIZED","config":{"rewrites":[{"glob":"**","path":"/index.html"}]},"labels":{"deployment-tool":"cli-firebase"},"createTime":"2022-11-10T14:06:24.502046Z","createUser":{"email":"sheikholeei97@gmail.com"},"finalizeTime":"2022-11-10T14:06:34.044654Z","finalizeUser":{"email":"sheikholeei97@gmail.com"}}
[debug] [2022-11-10T14:06:32.379Z] [hosting] finalized version for dencure-smilefresh:[object Object]
[info] +  hosting[dencure-smilefresh]: version finalized 
[info] i  hosting[dencure-smilefresh]: releasing new version... 
[debug] [2022-11-10T14:06:32.382Z] >>> [apiv2][query] POST https://firebasehosting.googleapis.com/v1beta1/projects/-/sites/dencure-smilefresh/channels/live/releases versionName=projects%2F153148387914%2Fsites%2Fdencure-smilefresh%2Fversions%2Fad1ef1ddccf38a94
[debug] [2022-11-10T14:06:32.382Z] >>> [apiv2][body] POST https://firebasehosting.googleapis.com/v1beta1/projects/-/sites/dencure-smilefresh/channels/live/releases {}
[debug] [2022-11-10T14:06:33.610Z] <<< [apiv2][status] POST https://firebasehosting.googleapis.com/v1beta1/projects/-/sites/dencure-smilefresh/channels/live/releases 200
[debug] [2022-11-10T14:06:33.610Z] <<< [apiv2][body] POST https://firebasehosting.googleapis.com/v1beta1/projects/-/sites/dencure-smilefresh/channels/live/releases {"name":"projects/153148387914/sites/dencure-smilefresh/channels/live/releases/1668089194666580","version":{"name":"projects/153148387914/sites/dencure-smilefresh/versions/ad1ef1ddccf38a94","status":"FINALIZED","config":{"rewrites":[{"glob":"**","path":"/index.html"}]},"labels":{"deployment-tool":"cli-firebase"},"createTime":"2022-11-10T14:06:24.502046Z","createUser":{"email":"sheikholeei97@gmail.com","imageUrl":"https://lh3.googleusercontent.com/a/ALm5wu2Ue5DZrU2uUUECubWGqUAUleUyg3Y-EWIEGFR4"},"finalizeTime":"2022-11-10T14:06:34.044654Z","finalizeUser":{"email":"sheikholeei97@gmail.com","imageUrl":"https://lh3.googleusercontent.com/a/ALm5wu2Ue5DZrU2uUUECubWGqUAUleUyg3Y-EWIEGFR4"}},"type":"DEPLOY","releaseTime":"2022-11-10T14:06:34.666580943Z","releaseUser":{"email":"sheikholeei97@gmail.com","imageUrl":"https://lh3.googleusercontent.com/a/ALm5wu2Ue5DZrU2uUUECubWGqUAUleUyg3Y-EWIEGFR4"}}
[debug] [2022-11-10T14:06:33.610Z] [hosting] release: {"name":"projects/153148387914/sites/dencure-smilefresh/channels/live/releases/1668089194666580","version":{"name":"projects/153148387914/sites/dencure-smilefresh/versions/ad1ef1ddccf38a94","status":"FINALIZED","config":{"rewrites":[{"glob":"**","path":"/index.html"}]},"labels":{"deployment-tool":"cli-firebase"},"createTime":"2022-11-10T14:06:24.502046Z","createUser":{"email":"sheikholeei97@gmail.com","imageUrl":"https://lh3.googleusercontent.com/a/ALm5wu2Ue5DZrU2uUUECubWGqUAUleUyg3Y-EWIEGFR4"},"finalizeTime":"2022-11-10T14:06:34.044654Z","finalizeUser":{"email":"sheikholeei97@gmail.com","imageUrl":"https://lh3.googleusercontent.com/a/ALm5wu2Ue5DZrU2uUUECubWGqUAUleUyg3Y-EWIEGFR4"}},"type":"DEPLOY","releaseTime":"2022-11-10T14:06:34.666580943Z","releaseUser":{"email":"sheikholeei97@gmail.com","imageUrl":"https://lh3.googleusercontent.com/a/ALm5wu2Ue5DZrU2uUUECubWGqUAUleUyg3Y-EWIEGFR4"}}
[info] +  hosting[dencure-smilefresh]: release complete 
